Flow report for project
Mon Jul 13 15:08:43 2020
Quartus II 64-Bit Version 13.0.1 Build 232 06/12/2013 Service Pack 1 SJ Web Edition


---------------------
; Table of Contents ;
---------------------
  1. Legal Notice
  2. Flow Summary
  3. Flow Settings
  4. Flow Non-Default Global Settings
  5. Flow Elapsed Time
  6. Flow OS Summary
  7. Flow Log
  8. Flow Messages
  9. Flow Suppressed Messages



----------------
; Legal Notice ;
----------------
Copyright (C) 1991-2013 Altera Corporation
Your use of Altera Corporation's design tools, logic functions 
and other software and tools, and its AMPP partner logic 
functions, and any output files from any of the foregoing 
(including device programming or simulation files), and any 
associated documentation or information are expressly subject 
to the terms and conditions of the Altera Program License 
Subscription Agreement, Altera MegaCore Function License 
Agreement, or other applicable license agreement, including, 
without limitation, that your use is for the sole purpose of 
programming logic devices manufactured by Altera and sold by 
Altera or its authorized distributors.  Please refer to the 
applicable agreement for further details.



+--------------------------------------------------------------------------------------+
; Flow Summary                                                                         ;
+------------------------------------+-------------------------------------------------+
; Flow Status                        ; Successful - Mon Jul 13 15:08:39 2020           ;
; Quartus II 64-Bit Version          ; 13.0.1 Build 232 06/12/2013 SP 1 SJ Web Edition ;
; Revision Name                      ; project                                         ;
; Top-level Entity Name              ; Alu-test                                        ;
; Family                             ; Cyclone II                                      ;
; Total logic elements               ; 530 / 4,608 ( 12 % )                            ;
;     Total combinational functions  ; 530 / 4,608 ( 12 % )                            ;
;     Dedicated logic registers      ; 0 / 4,608 ( 0 % )                               ;
; Total registers                    ; 0                                               ;
; Total pins                         ; 109 / 158 ( 69 % )                              ;
; Total virtual pins                 ; 0                                               ;
; Total memory bits                  ; 0 / 119,808 ( 0 % )                             ;
; Embedded Multiplier 9-bit elements ; 0 / 26 ( 0 % )                                  ;
; Total PLLs                         ; 0 / 2 ( 0 % )                                   ;
; Device                             ; EP2C5F256C6                                     ;
; Timing Models                      ; Final                                           ;
+------------------------------------+-------------------------------------------------+


+-----------------------------------------+
; Flow Settings                           ;
+-------------------+---------------------+
; Option            ; Setting             ;
+-------------------+---------------------+
; Start date & time ; 07/13/2020 15:08:22 ;
; Main task         ; Compilation         ;
; Revision Name     ; project             ;
+-------------------+---------------------+


+----------------------------------------------------------------------------------------------------------------+
; Flow Non-Default Global Settings                                                                               ;
+-------------------------------------+-------------------------------+---------------+-------------+------------+
; Assignment Name                     ; Value                         ; Default Value ; Entity Name ; Section Id ;
+-------------------------------------+-------------------------------+---------------+-------------+------------+
; COMPILER_SIGNATURE_ID               ; 9283852225949.159463670215268 ; --            ; --          ; --         ;
; IP_TOOL_NAME                        ; LPM_MUX                       ; --            ; --          ; --         ;
; IP_TOOL_NAME                        ; LPM_CONSTANT                  ; --            ; --          ; --         ;
; IP_TOOL_NAME                        ; LPM_MUX                       ; --            ; --          ; --         ;
; IP_TOOL_NAME                        ; LPM_ADD_SUB                   ; --            ; --          ; --         ;
; IP_TOOL_NAME                        ; LPM_COMPARE                   ; --            ; --          ; --         ;
; IP_TOOL_VERSION                     ; 13.0                          ; --            ; --          ; --         ;
; IP_TOOL_VERSION                     ; 13.0                          ; --            ; --          ; --         ;
; IP_TOOL_VERSION                     ; 13.0                          ; --            ; --          ; --         ;
; IP_TOOL_VERSION                     ; 13.0                          ; --            ; --          ; --         ;
; IP_TOOL_VERSION                     ; 13.0                          ; --            ; --          ; --         ;
; MISC_FILE                           ; lpm_mux0.bsf                  ; --            ; --          ; --         ;
; MISC_FILE                           ; lpm_mux0_bb.v                 ; --            ; --          ; --         ;
; MISC_FILE                           ; lpm_constant0.bsf             ; --            ; --          ; --         ;
; MISC_FILE                           ; lpm_constant0_bb.v            ; --            ; --          ; --         ;
; MISC_FILE                           ; lpm_mux1.bsf                  ; --            ; --          ; --         ;
; MISC_FILE                           ; lpm_mux1_bb.v                 ; --            ; --          ; --         ;
; MISC_FILE                           ; lpm_add_sub0.bsf              ; --            ; --          ; --         ;
; MISC_FILE                           ; lpm_add_sub0_bb.v             ; --            ; --          ; --         ;
; MISC_FILE                           ; lpm_compare0.bsf              ; --            ; --          ; --         ;
; MISC_FILE                           ; lpm_compare0_bb.v             ; --            ; --          ; --         ;
; PARTITION_COLOR                     ; 16764057                      ; --            ; Alu-test    ; Top        ;
; PARTITION_FITTER_PRESERVATION_LEVEL ; PLACEMENT_AND_ROUTING         ; --            ; Alu-test    ; Top        ;
; PARTITION_NETLIST_TYPE              ; SOURCE                        ; --            ; Alu-test    ; Top        ;
; PROJECT_OUTPUT_DIRECTORY            ; output_files                  ; --            ; --          ; --         ;
; TOP_LEVEL_ENTITY                    ; Alu-test                      ; project       ; --          ; --         ;
+-------------------------------------+-------------------------------+---------------+-------------+------------+


+-------------------------------------------------------------------------------------------------------------------------------+
; Flow Elapsed Time                                                                                                             ;
+---------------------------+--------------+-------------------------+---------------------+------------------------------------+
; Module Name               ; Elapsed Time ; Average Processors Used ; Peak Virtual Memory ; Total CPU Time (on all processors) ;
+---------------------------+--------------+-------------------------+---------------------+------------------------------------+
; Analysis & Synthesis      ; 00:00:08     ; 1.0                     ; 4612 MB             ; 00:00:07                           ;
; Fitter                    ; 00:00:05     ; 1.0                     ; 4799 MB             ; 00:00:05                           ;
; Assembler                 ; 00:00:01     ; 1.0                     ; 4544 MB             ; 00:00:01                           ;
; TimeQuest Timing Analyzer ; 00:00:02     ; 1.0                     ; 4552 MB             ; 00:00:02                           ;
; Total                     ; 00:00:16     ; --                      ; --                  ; 00:00:15                           ;
+---------------------------+--------------+-------------------------+---------------------+------------------------------------+


+----------------------------------------------------------------------------------------+
; Flow OS Summary                                                                        ;
+---------------------------+------------------+-----------+------------+----------------+
; Module Name               ; Machine Hostname ; OS Name   ; OS Version ; Processor type ;
+---------------------------+------------------+-----------+------------+----------------+
; Analysis & Synthesis      ; LAPTOP-B8FRIN8D  ; Windows 7 ; 6.2        ; x86_64         ;
; Fitter                    ; LAPTOP-B8FRIN8D  ; Windows 7 ; 6.2        ; x86_64         ;
; Assembler                 ; LAPTOP-B8FRIN8D  ; Windows 7 ; 6.2        ; x86_64         ;
; TimeQuest Timing Analyzer ; LAPTOP-B8FRIN8D  ; Windows 7 ; 6.2        ; x86_64         ;
+---------------------------+------------------+-----------+------------+----------------+


------------
; Flow Log ;
------------
quartus_map --read_settings_files=on --write_settings_files=off project -c project
quartus_fit --read_settings_files=off --write_settings_files=off project -c project
quartus_asm --read_settings_files=off --write_settings_files=off project -c project
quartus_sta project -c project



